2014-10-08T00:14:19+02:00 | nenastal den scitani voleb, tj. 26.10.2013...
2014-10-08T00:14:56+02:00 | nenastal den scitani voleb, tj. 7.10.2014...
2014-10-08T00:15:14+02:00 | nenastal den scitani voleb, tj. 07.10.2014...
2014-10-08T00:15:22+02:00 | nenastal cas publikovani vysledku voleb...
2014-10-08T00:15:43+02:00 | nenastal cas publikovani vysledku voleb...
2014-10-08T00:15:50+02:00 | nenastal cas publikovani vysledku voleb...
2014-10-08T00:16:10+02:00 | 
2014-10-08T00:16:31+02:00 | 
2014-10-08T00:23:31+02:00 | 
2014-10-08T00:38:12+02:00 | 
2014-10-08T00:38:33+02:00 | 
2014-10-08T00:42:06+02:00 | 
2014-10-08T00:45:09+02:00 | stale cekame zpracovani prvniho procenta volebnich dat...
2014-10-08T00:45:09+02:00 | stale cekame zpracovani prvniho procenta volebnich dat...
2014-10-08T00:45:09+02:00 | stale cekame zpracovani prvniho procenta volebnich dat...
2014-10-08T00:45:53+02:00 | stale cekame zpracovani prvniho procenta volebnich dat...
2014-10-08T00:45:53+02:00 | stale cekame zpracovani prvniho procenta volebnich dat...
2014-10-08T00:45:53+02:00 | stale cekame zpracovani prvniho procenta volebnich dat...
2014-10-08T00:46:03+02:00 | stale cekame zpracovani prvniho procenta volebnich dat...
2014-10-08T00:46:03+02:00 | stale cekame zpracovani prvniho procenta volebnich dat...
2014-10-08T00:46:03+02:00 | stale cekame zpracovani prvniho procenta volebnich dat...
2014-10-08T00:46:15+02:00 | stale cekame zpracovani prvniho procenta volebnich dat...
2014-10-08T00:46:15+02:00 | stale cekame zpracovani prvniho procenta volebnich dat...
2014-10-08T00:46:15+02:00 | stale cekame zpracovani prvniho procenta volebnich dat...
2014-10-08T00:46:28+02:00 | stale cekame zpracovani prvniho procenta volebnich dat...
2014-10-08T00:46:28+02:00 | stale cekame zpracovani prvniho procenta volebnich dat...
2014-10-08T00:46:28+02:00 | stale cekame zpracovani prvniho procenta volebnich dat...
2014-10-08T00:46:45+02:00 | stale cekame zpracovani prvniho procenta volebnich dat...
2014-10-08T00:46:45+02:00 | stale cekame zpracovani prvniho procenta volebnich dat...
2014-10-08T00:46:45+02:00 | stale cekame zpracovani prvniho procenta volebnich dat...
2014-10-08T00:50:37+02:00 | Brno: stale cekame zpracovani prvniho procenta volebnich dat...
2014-10-08T00:50:37+02:00 | Vsetín: stale cekame zpracovani prvniho procenta volebnich dat...
2014-10-08T00:50:37+02:00 | Prostějov: stale cekame zpracovani prvniho procenta volebnich dat...
2014-10-08T01:31:44+02:00 | : stale cekame zpracovani prvniho procenta volebnich dat...
2014-10-08T01:31:44+02:00 | : stale cekame zpracovani prvniho procenta volebnich dat...
2014-10-08T01:31:44+02:00 | : stale cekame zpracovani prvniho procenta volebnich dat...
2014-10-08T01:31:57+02:00 | Praha 1: stale cekame zpracovani prvniho procenta volebnich dat...
2014-10-08T01:31:57+02:00 | Praha 5: stale cekame zpracovani prvniho procenta volebnich dat...
2014-10-08T01:31:57+02:00 | Kladno: stale cekame zpracovani prvniho procenta volebnich dat...
2014-10-08T01:39:48+02:00 | Brno: stale cekame zpracovani prvniho procenta volebnich dat...
2014-10-08T01:39:48+02:00 | Praha 1: stale cekame zpracovani prvniho procenta volebnich dat...
2014-10-08T01:39:48+02:00 | Praha 5: stale cekame zpracovani prvniho procenta volebnich dat...
2014-10-08T01:39:48+02:00 | Kladno: stale cekame zpracovani prvniho procenta volebnich dat...
2014-10-08T01:39:48+02:00 | Vsetín: stale cekame zpracovani prvniho procenta volebnich dat...
2014-10-08T01:39:48+02:00 | Prostějov: stale cekame zpracovani prvniho procenta volebnich dat...
2014-10-08T01:39:48+02:00 | Přemyslovice: stale cekame zpracovani prvniho procenta volebnich dat...
